action: GLOB, msg: packaging
cwd: /home/matt/PycharmProjects/project_api
cmd: /home/matt/project_api/bin/python setup.py sdist --formats=zip --dist-dir /home/matt/PycharmProjects/project_api/.tox/dist
/usr/lib/python3.8/distutils/dist.py:274: UserWarning: Unknown distribution option: 'descripton'
  warnings.warn(msg)
/usr/lib/python3.8/distutils/dist.py:274: UserWarning: Unknown distribution option: 'requires_dist'
  warnings.warn(msg)
running sdist
running egg_info
creating truck_logistic_delivery.egg-info
writing truck_logistic_delivery.egg-info/PKG-INFO
writing dependency_links to truck_logistic_delivery.egg-info/dependency_links.txt
writing top-level names to truck_logistic_delivery.egg-info/top_level.txt
writing manifest file 'truck_logistic_delivery.egg-info/SOURCES.txt'
reading manifest file 'truck_logistic_delivery.egg-info/SOURCES.txt'
writing manifest file 'truck_logistic_delivery.egg-info/SOURCES.txt'
warning: sdist: standard file not found: should have one of README, README.rst, README.txt, README.md

running check
warning: Check: missing required meta-data: url

warning: Check: missing meta-data: if 'author' supplied, 'author_email' must be supplied too

creating truck_logistic_delivery-0.0.1
creating truck_logistic_delivery-0.0.1/test
creating truck_logistic_delivery-0.0.1/truck_logistic_delivery.egg-info
copying files to truck_logistic_delivery-0.0.1...
copying setup.py -> truck_logistic_delivery-0.0.1
copying test/test_client.py -> truck_logistic_delivery-0.0.1/test
copying test/test_mock.py -> truck_logistic_delivery-0.0.1/test
copying truck_logistic_delivery.egg-info/PKG-INFO -> truck_logistic_delivery-0.0.1/truck_logistic_delivery.egg-info
copying truck_logistic_delivery.egg-info/SOURCES.txt -> truck_logistic_delivery-0.0.1/truck_logistic_delivery.egg-info
copying truck_logistic_delivery.egg-info/dependency_links.txt -> truck_logistic_delivery-0.0.1/truck_logistic_delivery.egg-info
copying truck_logistic_delivery.egg-info/top_level.txt -> truck_logistic_delivery-0.0.1/truck_logistic_delivery.egg-info
Writing truck_logistic_delivery-0.0.1/setup.cfg
creating /home/matt/PycharmProjects/project_api/.tox/dist
creating '/home/matt/PycharmProjects/project_api/.tox/dist/truck_logistic_delivery-0.0.1.zip' and adding 'truck_logistic_delivery-0.0.1' to it
adding 'truck_logistic_delivery-0.0.1'
adding 'truck_logistic_delivery-0.0.1/truck_logistic_delivery.egg-info'
adding 'truck_logistic_delivery-0.0.1/test'
adding 'truck_logistic_delivery-0.0.1/PKG-INFO'
adding 'truck_logistic_delivery-0.0.1/setup.cfg'
adding 'truck_logistic_delivery-0.0.1/setup.py'
adding 'truck_logistic_delivery-0.0.1/truck_logistic_delivery.egg-info/PKG-INFO'
adding 'truck_logistic_delivery-0.0.1/truck_logistic_delivery.egg-info/SOURCES.txt'
adding 'truck_logistic_delivery-0.0.1/truck_logistic_delivery.egg-info/dependency_links.txt'
adding 'truck_logistic_delivery-0.0.1/truck_logistic_delivery.egg-info/top_level.txt'
adding 'truck_logistic_delivery-0.0.1/test/test_mock.py'
adding 'truck_logistic_delivery-0.0.1/test/test_client.py'
removing 'truck_logistic_delivery-0.0.1' (and everything under it)
